app/build/intermediates/manifest_merge_blame_file/debug/manifest-merger-blame-debug-report.txt
1<?xml version="1.0" encoding="utf-8"?>
2<manifest xmlns:android="http://schemas.android.com/apk/res/android"
3    package="com.example.i2iCell"
4    android:versionCode="1"
5    android:versionName="1.0" >
6
7    <uses-sdk
8        android:minSdkVersion="16"
8-->src\main\AndroidManifest.xml
9        android:targetSdkVersion="29" />
9-->src\main\AndroidManifest.xml
10
11    <uses-permission android:name="android.permission.INTERNET" />
11-->src\main\AndroidManifest.xml:5:5-67
11-->src\main\AndroidManifest.xml:5:22-64
12
13    <application
13-->src\main\AndroidManifest.xml:7:5-25:19
14        android:allowBackup="true"
14-->src\main\AndroidManifest.xml:8:9-35
15        android:appComponentFactory="androidx.core.app.CoreComponentFactory"
15-->[androidx.core:core:1.0.1] AndroidManifest.xml:22:18-86
16        android:debuggable="true"
17        android:icon="@mipmap/ic_launcher"
17-->src\main\AndroidManifest.xml:9:9-43
18        android:label="@string/app_name"
18-->src\main\AndroidManifest.xml:10:9-41
19        android:roundIcon="@mipmap/ic_launcher_round"
19-->src\main\AndroidManifest.xml:11:9-54
20        android:supportsRtl="true"
20-->src\main\AndroidManifest.xml:12:9-35
21        android:testOnly="true"
22        android:theme="@style/AppTheme" >
22-->src\main\AndroidManifest.xml:13:9-40
23        <activity android:name="com.example.i2iCell.ChangePasswordActivity" />
23-->src\main\AndroidManifest.xml:14:9-69
23-->src\main\AndroidManifest.xml:14:19-57
24        <activity android:name="com.example.i2iCell.denemeActivity" />
24-->src\main\AndroidManifest.xml:15:9-52
24-->src\main\AndroidManifest.xml:15:19-49
25        <activity android:name="com.example.i2iCell.BalanceActivity" />
25-->src\main\AndroidManifest.xml:16:9-53
25-->src\main\AndroidManifest.xml:16:19-50
26        <activity android:name="com.example.i2iCell.SignupActivity" />
26-->src\main\AndroidManifest.xml:17:9-52
26-->src\main\AndroidManifest.xml:17:19-49
27        <activity android:name="com.example.i2iCell.MainActivity" >
27-->src\main\AndroidManifest.xml:18:9-24:20
27-->src\main\AndroidManifest.xml:18:19-47
28            <intent-filter>
28-->src\main\AndroidManifest.xml:19:13-23:29
29                <action android:name="android.intent.action.MAIN" />
29-->src\main\AndroidManifest.xml:20:17-69
29-->src\main\AndroidManifest.xml:20:25-66
30
31                <category android:name="android.intent.category.LAUNCHER" />
31-->src\main\AndroidManifest.xml:22:17-77
31-->src\main\AndroidManifest.xml:22:27-74
32            </intent-filter>
33        </activity>
34
35        <provider
35-->[androidx.lifecycle:lifecycle-process:2.0.0] AndroidManifest.xml:23:9-27:43
36            android:name="androidx.lifecycle.ProcessLifecycleOwnerInitializer"
36-->[androidx.lifecycle:lifecycle-process:2.0.0] AndroidManifest.xml:24:13-79
37            android:authorities="com.example.i2iCell.lifecycle-process"
37-->[androidx.lifecycle:lifecycle-process:2.0.0] AndroidManifest.xml:25:13-69
38            android:exported="false"
38-->[androidx.lifecycle:lifecycle-process:2.0.0] AndroidManifest.xml:26:13-37
39            android:multiprocess="true" />
39-->[androidx.lifecycle:lifecycle-process:2.0.0] AndroidManifest.xml:27:13-40
40    </application>
41
42</manifest>